This is pdfTeX, Version 3.14159265-2.6-1.40.15 (TeX Live 2014) (preloaded format=pdflatex 2014.11.12)  17 NOV 2014 10:26
entering extended mode
 restricted \write18 enabled.
 %&-line parsing enabled.
**EnergyDisAg_KM_MK_ML14.tex
(./EnergyDisAg_KM_MK_ML14.tex
LaTeX2e <2014/05/01>
Babel <3.9l> and hyphenation patterns for 79 languages loaded.
(/usr/local/texlive/2014/texmf-dist/tex/latex/base/article.cls
Document Class: article 2014/09/29 v1.4h Standard LaTeX document class
(/usr/local/texlive/2014/texmf-dist/tex/latex/base/size11.clo
File: size11.clo 2014/09/29 v1.4h Standard LaTeX file (size option)
)
\c@part=\count79
\c@section=\count80
\c@subsection=\count81
\c@subsubsection=\count82
\c@paragraph=\count83
\c@subparagraph=\count84
\c@figure=\count85
\c@table=\count86
\abovecaptionskip=\skip41
\belowcaptionskip=\skip42
\bibindent=\dimen102
)
(/usr/local/texlive/2014/texmf-dist/tex/latex/graphics/graphicx.sty
Package: graphicx 2014/04/25 v1.0g Enhanced LaTeX Graphics (DPC,SPQR)

(/usr/local/texlive/2014/texmf-dist/tex/latex/graphics/keyval.sty
Package: keyval 2014/05/08 v1.15 key=value parser (DPC)
\KV@toks@=\toks14
)
(/usr/local/texlive/2014/texmf-dist/tex/latex/graphics/graphics.sty
Package: graphics 2009/02/05 v1.0o Standard LaTeX Graphics (DPC,SPQR)

(/usr/local/texlive/2014/texmf-dist/tex/latex/graphics/trig.sty
Package: trig 1999/03/16 v1.09 sin cos tan (DPC)
)
(/usr/local/texlive/2014/texmf-dist/tex/latex/latexconfig/graphics.cfg
File: graphics.cfg 2010/04/23 v1.9 graphics configuration of TeX Live
)
Package graphics Info: Driver file: pdftex.def on input line 91.

(/usr/local/texlive/2014/texmf-dist/tex/latex/pdftex-def/pdftex.def
File: pdftex.def 2011/05/27 v0.06d Graphics/color for pdfTeX

(/usr/local/texlive/2014/texmf-dist/tex/generic/oberdiek/infwarerr.sty
Package: infwarerr 2010/04/08 v1.3 Providing info/warning/error messages (HO)
)
(/usr/local/texlive/2014/texmf-dist/tex/generic/oberdiek/ltxcmds.sty
Package: ltxcmds 2011/11/09 v1.22 LaTeX kernel commands for general use (HO)
)
\Gread@gobject=\count87
))
\Gin@req@height=\dimen103
\Gin@req@width=\dimen104
)
(/usr/local/texlive/2014/texmf-dist/tex/latex/amsmath/amsbsy.sty
Package: amsbsy 1999/11/29 v1.2d

(/usr/local/texlive/2014/texmf-dist/tex/latex/amsmath/amsgen.sty
File: amsgen.sty 1999/11/30 v2.0
\@emptytoks=\toks15
\ex@=\dimen105
)
\pmbraise@=\dimen106
)
(/usr/local/texlive/2014/texmf-dist/tex/latex/amsfonts/amssymb.sty
Package: amssymb 2013/01/14 v3.01 AMS font symbols

(/usr/local/texlive/2014/texmf-dist/tex/latex/amsfonts/amsfonts.sty
Package: amsfonts 2013/01/14 v3.01 Basic AMSFonts support
\symAMSa=\mathgroup4
\symAMSb=\mathgroup5
LaTeX Font Info:    Overwriting math alphabet `\mathfrak' in version `bold'
(Font)                  U/euf/m/n --> U/euf/b/n on input line 106.
))
(/usr/local/texlive/2014/texmf-dist/tex/latex/base/latexsym.sty
Package: latexsym 1998/08/17 v2.2e Standard LaTeX package (lasy symbols)
\symlasy=\mathgroup6
LaTeX Font Info:    Overwriting symbol font `lasy' in version `bold'
(Font)                  U/lasy/m/n --> U/lasy/b/n on input line 47.
)
(/usr/local/texlive/2014/texmf-dist/tex/latex/amsmath/amsmath.sty
Package: amsmath 2013/01/14 v2.14 AMS math features
\@mathmargin=\skip43

For additional information on amsmath, use the `?' option.
(/usr/local/texlive/2014/texmf-dist/tex/latex/amsmath/amstext.sty
Package: amstext 2000/06/29 v2.01
)
(/usr/local/texlive/2014/texmf-dist/tex/latex/amsmath/amsopn.sty
Package: amsopn 1999/12/14 v2.01 operator names
)
\inf@bad=\count88
LaTeX Info: Redefining \frac on input line 210.
\uproot@=\count89
\leftroot@=\count90
LaTeX Info: Redefining \overline on input line 306.
\classnum@=\count91
\DOTSCASE@=\count92
LaTeX Info: Redefining \ldots on input line 378.
LaTeX Info: Redefining \dots on input line 381.
LaTeX Info: Redefining \cdots on input line 466.
\Mathstrutbox@=\box26
\strutbox@=\box27
\big@size=\dimen107
LaTeX Font Info:    Redeclaring font encoding OML on input line 566.
LaTeX Font Info:    Redeclaring font encoding OMS on input line 567.
\macc@depth=\count93
\c@MaxMatrixCols=\count94
\dotsspace@=\muskip10
\c@parentequation=\count95
\dspbrk@lvl=\count96
\tag@help=\toks16
\row@=\count97
\column@=\count98
\maxfields@=\count99
\andhelp@=\toks17
\eqnshift@=\dimen108
\alignsep@=\dimen109
\tagshift@=\dimen110
\tagwidth@=\dimen111
\totwidth@=\dimen112
\lineht@=\dimen113
\@envbody=\toks18
\multlinegap=\skip44
\multlinetaggap=\skip45
\mathdisplay@stack=\toks19
LaTeX Info: Redefining \[ on input line 2665.
LaTeX Info: Redefining \] on input line 2666.
)
(/usr/local/texlive/2014/texmf-dist/tex/latex/cite/cite.sty
LaTeX Info: Redefining \cite on input line 302.
LaTeX Info: Redefining \nocite on input line 373.
Package: cite 2010/09/10  v 5.3
)
(/usr/local/texlive/2014/texmf-dist/tex/latex/wrapfig/wrapfig.sty
\wrapoverhang=\dimen114
\WF@size=\dimen115
\c@WF@wrappedlines=\count100
\WF@box=\box28
\WF@everypar=\toks20
Package: wrapfig 2003/01/31  v 3.6
)
(/usr/local/texlive/2014/texmf-dist/tex/latex/algorithms/algorithmic.sty
Package: algorithmic 2009/08/24 v0.1 Document Style `algorithmic'

(/usr/local/texlive/2014/texmf-dist/tex/latex/base/ifthen.sty
Package: ifthen 2014/09/29 v1.1c Standard LaTeX ifthen package (DPC)
)
\c@ALC@unique=\count101
\c@ALC@line=\count102
\c@ALC@rem=\count103
\c@ALC@depth=\count104
\ALC@tlm=\skip46
\algorithmicindent=\skip47
)
(/usr/local/texlive/2014/texmf-dist/tex/latex/algorithms/algorithm.sty
Package: algorithm 2009/08/24 v0.1 Document Style `algorithm' - floating enviro
nment

(/usr/local/texlive/2014/texmf-dist/tex/latex/float/float.sty
Package: float 2001/11/08 v1.3d Float enhancements (AL)
\c@float@type=\count105
\float@exts=\toks21
\float@box=\box29
\@float@everytoks=\toks22
\@floatcapt=\box30
)
\@float@every@algorithm=\toks23
\c@algorithm=\count106
)
(/usr/local/texlive/2014/texmf-dist/tex/latex/setspace/setspace.sty
Package: setspace 2011/12/19 v6.7a set line spacing
)
(/usr/local/texlive/2014/texmf-dist/tex/latex/oberdiek/epstopdf.sty
Package: epstopdf 2010/02/09 v2.5 Conversion with epstopdf on the fly (HO)

(/usr/local/texlive/2014/texmf-dist/tex/latex/oberdiek/epstopdf-base.sty
Package: epstopdf-base 2010/02/09 v2.5 Base part for package epstopdf

(/usr/local/texlive/2014/texmf-dist/tex/latex/oberdiek/grfext.sty
Package: grfext 2010/08/19 v1.1 Manage graphics extensions (HO)

(/usr/local/texlive/2014/texmf-dist/tex/generic/oberdiek/kvdefinekeys.sty
Package: kvdefinekeys 2011/04/07 v1.3 Define keys (HO)
))
(/usr/local/texlive/2014/texmf-dist/tex/latex/oberdiek/kvoptions.sty
Package: kvoptions 2011/06/30 v3.11 Key value format for package options (HO)

(/usr/local/texlive/2014/texmf-dist/tex/generic/oberdiek/kvsetkeys.sty
Package: kvsetkeys 2012/04/25 v1.16 Key value parser (HO)

(/usr/local/texlive/2014/texmf-dist/tex/generic/oberdiek/etexcmds.sty
Package: etexcmds 2011/02/16 v1.5 Avoid name clashes with e-TeX commands (HO)

(/usr/local/texlive/2014/texmf-dist/tex/generic/oberdiek/ifluatex.sty
Package: ifluatex 2010/03/01 v1.3 Provides the ifluatex switch (HO)
Package ifluatex Info: LuaTeX not detected.
)
Package etexcmds Info: Could not find \expanded.
(etexcmds)             That can mean that you are not using pdfTeX 1.50 or
(etexcmds)             that some package has redefined \expanded.
(etexcmds)             In the latter case, load this package earlier.
)))
(/usr/local/texlive/2014/texmf-dist/tex/generic/oberdiek/pdftexcmds.sty
Package: pdftexcmds 2011/11/29 v0.20 Utility functions of pdfTeX for LuaTeX (HO
)

(/usr/local/texlive/2014/texmf-dist/tex/generic/oberdiek/ifpdf.sty
Package: ifpdf 2011/01/30 v2.3 Provides the ifpdf switch (HO)
Package ifpdf Info: pdfTeX in PDF mode is detected.
)
Package pdftexcmds Info: LuaTeX not detected.
Package pdftexcmds Info: \pdf@primitive is available.
Package pdftexcmds Info: \pdf@ifprimitive is available.
Package pdftexcmds Info: \pdfdraftmode found.
)
Package grfext Info: Graphics extension search list:
(grfext)             [.png,.pdf,.jpg,.mps,.jpeg,.jbig2,.jb2,.PNG,.PDF,.JPG,.JPE
G,.JBIG2,.JB2,.eps]
(grfext)             \AppendGraphicsExtensions on input line 452.

(/usr/local/texlive/2014/texmf-dist/tex/latex/latexconfig/epstopdf-sys.cfg
File: epstopdf-sys.cfg 2010/07/13 v1.3 Configuration of (r)epstopdf for TeX Liv
e
)))
(/usr/local/texlive/2014/texmf-dist/tex/latex/subfigure/subfigure.sty
Package: subfigure 2002/03/15 v2.1.5 subfigure package
\subfigtopskip=\skip48
\subfigcapskip=\skip49
\subfigcaptopadj=\dimen116
\subfigbottomskip=\skip50
\subfigcapmargin=\dimen117
\subfiglabelskip=\skip51
\c@subfigure=\count107
\c@lofdepth=\count108
\c@subtable=\count109
\c@lotdepth=\count110

****************************************
* Local config file subfigure.cfg used *
****************************************
(/usr/local/texlive/2014/texmf-dist/tex/latex/subfigure/subfigure.cfg)
\subfig@top=\skip52
\subfig@bottom=\skip53
)
\@input{definitions.aux}
\openout2 = `definitions.aux'.

No file definitions.tex.
(/usr/local/texlive/2014/texmf-dist/tex/latex/geometry/geometry.sty
Package: geometry 2010/09/12 v5.6 Page Geometry

(/usr/local/texlive/2014/texmf-dist/tex/generic/oberdiek/ifvtex.sty
Package: ifvtex 2010/03/01 v1.5 Detect VTeX and its facilities (HO)
Package ifvtex Info: VTeX not detected.
)
(/usr/local/texlive/2014/texmf-dist/tex/generic/ifxetex/ifxetex.sty
Package: ifxetex 2010/09/12 v0.6 Provides ifxetex conditional
)
\Gm@cnth=\count111
\Gm@cntv=\count112
\c@Gm@tempcnt=\count113
\Gm@bindingoffset=\dimen118
\Gm@wd@mp=\dimen119
\Gm@odd@mp=\dimen120
\Gm@even@mp=\dimen121
\Gm@layoutwidth=\dimen122
\Gm@layoutheight=\dimen123
\Gm@layouthoffset=\dimen124
\Gm@layoutvoffset=\dimen125
\Gm@dimlist=\toks24
)
(./EnergyDisAg_KM_MK_ML14.aux

LaTeX Warning: Label `tab:HFList' multiply defined.

)
\openout1 = `EnergyDisAg_KM_MK_ML14.aux'.

LaTeX Font Info:    Checking defaults for OML/cmm/m/it on input line 32.
LaTeX Font Info:    ... okay on input line 32.
LaTeX Font Info:    Checking defaults for T1/cmr/m/n on input line 32.
LaTeX Font Info:    ... okay on input line 32.
LaTeX Font Info:    Checking defaults for OT1/cmr/m/n on input line 32.
LaTeX Font Info:    ... okay on input line 32.
LaTeX Font Info:    Checking defaults for OMS/cmsy/m/n on input line 32.
LaTeX Font Info:    ... okay on input line 32.
LaTeX Font Info:    Checking defaults for OMX/cmex/m/n on input line 32.
LaTeX Font Info:    ... okay on input line 32.
LaTeX Font Info:    Checking defaults for U/cmr/m/n on input line 32.
LaTeX Font Info:    ... okay on input line 32.
 (/usr/local/texlive/2014/texmf-dist/tex/context/base/supp-pdf.mkii
[Loading MPS to PDF converter (version 2006.09.02).]
\scratchcounter=\count114
\scratchdimen=\dimen126
\scratchbox=\box31
\nofMPsegments=\count115
\nofMParguments=\count116
\everyMPshowfont=\toks25
\MPscratchCnt=\count117
\MPscratchDim=\dimen127
\MPnumerator=\count118
\makeMPintoPDFobject=\count119
\everyMPtoPDFconversion=\toks26
)
*geometry* driver: auto-detecting
*geometry* detected driver: pdftex
*geometry* verbose mode - [ preamble ] result:
* driver: pdftex
* paper: letterpaper
* layout: <same size as paper>
* layoutoffset:(h,v)=(0.0pt,0.0pt)
* modes: 
* h-part:(L,W,R)=(79.49744pt, 455.30013pt, 79.49744pt)
* v-part:(T,H,B)=(72.26999pt, 650.43001pt, 72.26999pt)
* \paperwidth=614.295pt
* \paperheight=794.96999pt
* \textwidth=455.30013pt
* \textheight=650.43001pt
* \oddsidemargin=7.22745pt
* \evensidemargin=7.22745pt
* \topmargin=-37.0pt
* \headheight=12.0pt
* \headsep=25.0pt
* \topskip=11.0pt
* \footskip=30.0pt
* \marginparwidth=59.0pt
* \marginparsep=10.0pt
* \columnsep=10.0pt
* \skip\footins=10.0pt plus 4.0pt minus 2.0pt
* \hoffset=0.0pt
* \voffset=0.0pt
* \mag=1000
* \@twocolumnfalse
* \@twosidefalse
* \@mparswitchfalse
* \@reversemarginfalse
* (1in=72.27pt=25.4mm, 1cm=28.453pt)

LaTeX Font Info:    Try loading font information for U+msa on input line 33.
(/usr/local/texlive/2014/texmf-dist/tex/latex/amsfonts/umsa.fd
File: umsa.fd 2013/01/14 v3.01 AMS symbols A
)
LaTeX Font Info:    Try loading font information for U+msb on input line 33.

(/usr/local/texlive/2014/texmf-dist/tex/latex/amsfonts/umsb.fd
File: umsb.fd 2013/01/14 v3.01 AMS symbols B
)
LaTeX Font Info:    Try loading font information for U+lasy on input line 33.

(/usr/local/texlive/2014/texmf-dist/tex/latex/base/ulasy.fd
File: ulasy.fd 1998/08/17 v2.2e LaTeX symbol font definitions
)

LaTeX Warning: Citation `Kaggle' on page 1 undefined on input line 44.

[1



{/usr/local/texlive/2014/texmf-var/fonts/map/pdftex/updmap/pdftex.map}]

LaTeX Warning: Citation `EMI' on page 2 undefined on input line 56.


LaTeX Warning: Citation `emisurvey' on page 2 undefined on input line 56.


LaTeX Warning: Citation `mit' on page 2 undefined on input line 56.


LaTeX Warning: Citation `adaptive' on page 2 undefined on input line 56.


LaTeX Warning: Citation `prob' on page 2 undefined on input line 56.


LaTeX Warning: Citation `mit' on page 2 undefined on input line 60.


LaTeX Warning: Citation `EMI' on page 2 undefined on input line 62.

[2]

LaTeX Warning: Citation `Kaggle' on page 3 undefined on input line 67.


Overfull \hbox (1.18166pt too wide) in paragraph at lines 72--82
 [] 
 []


LaTeX Warning: Citation `EMI' on page 3 undefined on input line 88.


LaTeX Warning: Citation `mit' on page 3 undefined on input line 88.

[3]
Overfull \hbox (1.18166pt too wide) in paragraph at lines 93--104
 [] 
 []


Overfull \hbox (23.6887pt too wide) in paragraph at lines 117--147
 [] 
 []


LaTeX Warning: `h' float specifier changed to `ht'.


LaTeX Warning: Citation `Kaggle' on page 4 undefined on input line 174.

[4]
Underfull \hbox (badness 10000) in paragraph at lines 177--183

 []

[5]

LaTeX Warning: Citation `mit' on page 6 undefined on input line 197.

<fig/vis2.png, id=29, 1639.62563pt x 718.18312pt>
File: fig/vis2.png Graphic file (type png)
 <use fig/vis2.png>
Package pdftex.def Info: fig/vis2.png used on input line 204.
(pdftex.def)             Requested size: 487.18797pt x 213.39566pt.

Overfull \hbox (31.88785pt too wide) in paragraph at lines 204--205
 [][] 
 []

[6 <./fig/vis2.png>]

LaTeX Warning: Citation `EMI' on page 7 undefined on input line 218.

<fig/gaussfit.png, id=33, 947.03813pt x 314.67563pt>
File: fig/gaussfit.png Graphic file (type png)
 <use fig/gaussfit.png>
Package pdftex.def Info: fig/gaussfit.png used on input line 222.
(pdftex.def)             Requested size: 342.52303pt x 113.81102pt.

[7 <./fig/gaussfit.png>] <fig/rec.jpg, id=40, 569.9694pt x 216.81pt>
File: fig/rec.jpg Graphic file (type jpg)

<use fig/rec.jpg>
Package pdftex.def Info: fig/rec.jpg used on input line 233.
(pdftex.def)             Requested size: 336.60953pt x 128.0374pt.
Package epstopdf Info: Source file: <fig/ggplot.eps>
(epstopdf)                    date: 2014-05-07 01:51:50
(epstopdf)                    size: 13792 bytes
(epstopdf)             Output file: <fig/ggplot-eps-converted-to.pdf>
(epstopdf)                    date: 2014-05-07 01:52:11
(epstopdf)                    size: 10029 bytes
(epstopdf)             Command: <repstopdf --outfile=fig/ggplot-eps-converted-t
o.pdf fig/ggplot.eps>
(epstopdf)             \includegraphics on input line 242.
Package epstopdf Info: Output file is already uptodate.

<fig/ggplot-eps-converted-to.pdf, id=41, 524.96124pt x 401.5pt>
File: fig/ggplot-eps-converted-to.pdf Graphic file (type pdf)

<use fig/ggplot-eps-converted-to.pdf>
Package pdftex.def Info: fig/ggplot-eps-converted-to.pdf used on input line 242
.
(pdftex.def)             Requested size: 241.82153pt x 184.9429pt.
 [8 <./fig/rec.jpg> <./fig/ggplot-eps-converted-to.pdf>] <fig/event.jpg, id=52,
 577.1964pt x 183.5658pt>
File: fig/event.jpg Graphic file (type jpg)

<use fig/event.jpg>
Package pdftex.def Info: fig/event.jpg used on input line 256.
(pdftex.def)             Requested size: 492.06364pt x 156.49014pt.

Overfull \hbox (36.76352pt too wide) in paragraph at lines 256--257
 [][] 
 []

[9 <./fig/event.jpg>] <fig/lpf.jpg, id=56, 562.7424pt x 216.81pt>
File: fig/lpf.jpg Graphic file (type jpg)

<use fig/lpf.jpg>
Package pdftex.def Info: fig/lpf.jpg used on input line 271.
(pdftex.def)             Requested size: 406.19604pt x 156.49014pt.
 <fig/med.jpg, id=57, 560.8152pt x 216.81pt>
File: fig/med.jpg Graphic file (type jpg)

<use fig/med.jpg>
Package pdftex.def Info: fig/med.jpg used on input line 279.
(pdftex.def)             Requested size: 404.80496pt x 156.49014pt.


LaTeX Warning: `h' float specifier changed to `ht'.

Package epstopdf Info: Source file: <fig/heater.eps>
(epstopdf)                    date: 2014-05-06 23:24:22
(epstopdf)                    size: 38019 bytes
(epstopdf)             Output file: <fig/heater-eps-converted-to.pdf>
(epstopdf)                    date: 2014-05-06 23:24:24
(epstopdf)                    size: 23262 bytes
(epstopdf)             Command: <repstopdf --outfile=fig/heater-eps-converted-t
o.pdf fig/heater.eps>
(epstopdf)             \includegraphics on input line 304.
Package epstopdf Info: Output file is already uptodate.
<fig/heater-eps-converted-to.pdf, id=58, 420.57124pt x 316.18124pt>
File: fig/heater-eps-converted-to.pdf Graphic file (type pdf)

<use fig/heater-eps-converted-to.pdf>
Package pdftex.def Info: fig/heater-eps-converted-to.pdf used on input line 304
.
(pdftex.def)             Requested size: 246.0043pt x 184.9429pt.
 [10 <./fig/lpf.jpg>]
Package epstopdf Info: Source file: <fig/H3_DT.eps>
(epstopdf)                    date: 2014-05-07 06:14:32
(epstopdf)                    size: 26427 bytes
(epstopdf)             Output file: <fig/H3_DT-eps-converted-to.pdf>
(epstopdf)                    date: 2014-05-07 06:17:58
(epstopdf)                    size: 13524 bytes
(epstopdf)             Command: <repstopdf --outfile=fig/H3_DT-eps-converted-to
.pdf fig/H3_DT.eps>
(epstopdf)             \includegraphics on input line 313.
Package epstopdf Info: Output file is already uptodate.

<fig/H3_DT-eps-converted-to.pdf, id=62, 524.96124pt x 401.5pt>
File: fig/H3_DT-eps-converted-to.pdf Graphic file (type pdf)

<use fig/H3_DT-eps-converted-to.pdf>
Package pdftex.def Info: fig/H3_DT-eps-converted-to.pdf used on input line 313.

(pdftex.def)             Requested size: 387.00787pt x 296.0026pt.
Package epstopdf Info: Source file: <fig/H3_kNN.eps>
(epstopdf)                    date: 2014-05-07 06:14:04
(epstopdf)                    size: 217391 bytes
(epstopdf)             Output file: <fig/H3_kNN-eps-converted-to.pdf>
(epstopdf)                    date: 2014-05-07 06:17:59
(epstopdf)                    size: 55378 bytes
(epstopdf)             Command: <repstopdf --outfile=fig/H3_kNN-eps-converted-t
o.pdf fig/H3_kNN.eps>
(epstopdf)             \includegraphics on input line 314.
Package epstopdf Info: Output file is already uptodate.

<fig/H3_kNN-eps-converted-to.pdf, id=63, 524.96124pt x 401.5pt>
File: fig/H3_kNN-eps-converted-to.pdf Graphic file (type pdf)

<use fig/H3_kNN-eps-converted-to.pdf>
Package pdftex.def Info: fig/H3_kNN-eps-converted-to.pdf used on input line 314
.
(pdftex.def)             Requested size: 227.65005pt x 174.11195pt.
 [11 <./fig/med.jpg> <./fig/heater-eps-converted-to.pdf>]
Underfull \hbox (badness 10000) in paragraph at lines 326--326
[]\OT1/cmr/bx/n/10.95 Classification
 []


Underfull \hbox (badness 10000) in paragraph at lines 326--326
[]\OT1/cmr/bx/n/10.95 Classification
 []


Underfull \hbox (badness 10000) in paragraph at lines 326--327
[]\OT1/cmr/bx/n/10.95 Classification
 []

[12 <./fig/H3_DT-eps-converted-to.pdf> <./fig/H3_kNN-eps-converted-to.pdf>]
Package epstopdf Info: Source file: <H3_heatmap.eps>
(epstopdf)                    date: 2014-05-07 03:45:14
(epstopdf)                    size: 2423244 bytes
(epstopdf)             Output file: <H3_heatmap-eps-converted-to.pdf>
(epstopdf)                    date: 2014-05-07 05:38:55
(epstopdf)                    size: 104922 bytes
(epstopdf)             Command: <repstopdf --outfile=H3_heatmap-eps-converted-t
o.pdf H3_heatmap.eps>
(epstopdf)             \includegraphics on input line 350.
Package epstopdf Info: Output file is already uptodate.

<H3_heatmap-eps-converted-to.pdf, id=89, 504.88625pt x 389.455pt>
File: H3_heatmap-eps-converted-to.pdf Graphic file (type pdf)

<use H3_heatmap-eps-converted-to.pdf>
Package pdftex.def Info: H3_heatmap-eps-converted-to.pdf used on input line 350
.
(pdftex.def)             Requested size: 361.34999pt x 278.7375pt.
 [13]
LaTeX Font Info:    Try loading font information for OMS+cmr on input line 362.


(/usr/local/texlive/2014/texmf-dist/tex/latex/base/omscmr.fd
File: omscmr.fd 2014/09/29 v2.5h Standard LaTeX font definitions
)
LaTeX Font Info:    Font shape `OMS/cmr/m/n' in size <10.95> not available
(Font)              Font shape `OMS/cmsy/m/n' tried instead on input line 362.
 [14 <./H3_heatmap-eps-converted-to.pdf>]
Package epstopdf Info: Source file: <freq_binning.eps>
(epstopdf)                    date: 2014-05-07 03:45:48
(epstopdf)                    size: 4367367 bytes
(epstopdf)             Output file: <freq_binning-eps-converted-to.pdf>
(epstopdf)                    date: 2014-05-07 05:39:00
(epstopdf)                    size: 79234 bytes
(epstopdf)             Command: <repstopdf --outfile=freq_binning-eps-converted
-to.pdf freq_binning.eps>
(epstopdf)             \includegraphics on input line 373.
Package epstopdf Info: Output file is already uptodate.

<freq_binning-eps-converted-to.pdf, id=112, 555.07375pt x 216.81pt>
File: freq_binning-eps-converted-to.pdf Graphic file (type pdf)

<use freq_binning-eps-converted-to.pdf>
Package pdftex.def Info: freq_binning-eps-converted-to.pdf used on input line 3
73.
(pdftex.def)             Requested size: 433.62pt x 169.37247pt.
 [15 <./freq_binning-eps-converted-to.pdf>]
Package epstopdf Info: Source file: <dist_vs_corr.eps>
(epstopdf)                    date: 2014-05-07 03:45:25
(epstopdf)                    size: 276581 bytes
(epstopdf)             Output file: <dist_vs_corr-eps-converted-to.pdf>
(epstopdf)                    date: 2014-05-07 05:39:02
(epstopdf)                    size: 15952 bytes
(epstopdf)             Command: <repstopdf --outfile=dist_vs_corr-eps-converted
-to.pdf dist_vs_corr.eps>
(epstopdf)             \includegraphics on input line 388.
Package epstopdf Info: Output file is already uptodate.
 <dist_vs_corr-eps-converted-to.pdf, id=129, 242.9075pt x 208.78pt>
File: dist_vs_corr-eps-converted-to.pdf Graphic file (type pdf)

<use dist_vs_corr-eps-converted-to.pdf>
Package pdftex.def Info: dist_vs_corr-eps-converted-to.pdf used on input line 3
88.
(pdftex.def)             Requested size: 216.81pt x 186.34879pt.
 [16 <./dist_vs_corr-eps-converted-to.pdf>]
Package epstopdf Info: Source file: <Venn_diagram.eps>
(epstopdf)                    date: 2014-05-07 03:45:17
(epstopdf)                    size: 351130 bytes
(epstopdf)             Output file: <Venn_diagram-eps-converted-to.pdf>
(epstopdf)                    date: 2014-05-07 05:39:04
(epstopdf)                    size: 24607 bytes
(epstopdf)             Command: <repstopdf --outfile=Venn_diagram-eps-converted
-to.pdf Venn_diagram.eps>
(epstopdf)             \includegraphics on input line 418.
Package epstopdf Info: Output file is already uptodate.
 <Venn_diagram-eps-converted-to.pdf, id=142, 386.44376pt x 236.885pt>
File: Venn_diagram-eps-converted-to.pdf Graphic file (type pdf)

<use Venn_diagram-eps-converted-to.pdf>
Package pdftex.def Info: Venn_diagram-eps-converted-to.pdf used on input line 4
18.
(pdftex.def)             Requested size: 289.07999pt x 177.20425pt.
Package epstopdf Info: Source file: <block_diagram.eps>
(epstopdf)                    date: 2014-05-07 03:45:22
(epstopdf)                    size: 463771 bytes
(epstopdf)             Output file: <block_diagram-eps-converted-to.pdf>
(epstopdf)                    date: 2014-05-07 05:39:06
(epstopdf)                    size: 32420 bytes
(epstopdf)             Command: <repstopdf --outfile=block_diagram-eps-converte
d-to.pdf block_diagram.eps>
(epstopdf)             \includegraphics on input line 426.
Package epstopdf Info: Output file is already uptodate.

<block_diagram-eps-converted-to.pdf, id=143, 472.76625pt x 262.9825pt>
File: block_diagram-eps-converted-to.pdf Graphic file (type pdf)

<use block_diagram-eps-converted-to.pdf>
Package pdftex.def Info: block_diagram-eps-converted-to.pdf used on input line 
426.
(pdftex.def)             Requested size: 289.07999pt x 160.80832pt.
 [17 <./Venn_diagram-eps-converted-to.pdf>] [18 <./block_diagram-eps-converted-
to.pdf>]
Underfull \hbox (badness 1688) in paragraph at lines 456--458
\OT1/cmr/m/n/10.95 cony Lights, Cen-tral
 []


Underfull \hbox (badness 1259) in paragraph at lines 456--458
\OT1/cmr/m/n/10.95 Vac-uum, Dish-washer,
 []


Underfull \hbox (badness 10000) in paragraph at lines 462--463
[]\OT1/cmr/m/n/10.95 Dishwasher, Dryer,
 []


Underfull \hbox (badness 10000) in paragraph at lines 462--463
\OT1/cmr/m/n/10.95 Phone Charger,
 []


Underfull \hbox (badness 10000) in paragraph at lines 462--463
\OT1/cmr/m/n/10.95 Printer, TV/DVR,
 []


Underfull \hbox (badness 1237) in paragraph at lines 465--466
\OT1/cmr/m/n/10.95 Lights, Liv-ing Room Audio-DVR-TV, Liv-ing Room
 []


Underfull \hbox (badness 10000) in paragraph at lines 467--469
[]\OT1/cmr/m/n/10.95 Garage Door
 []


Underfull \hbox (badness 1953) in paragraph at lines 467--469
\OT1/cmr/m/n/10.95 Blueray/DVD, Bonus
 []


Underfull \hbox (badness 10000) in paragraph at lines 467--469
\OT1/cmr/m/n/10.95 Room Wii, Guest
 []


Underfull \hbox (badness 10000) in paragraph at lines 467--469
\OT1/cmr/m/n/10.95 Bath Fan, Mas-ter
 []


Underfull \hbox (badness 4193) in paragraph at lines 467--469
\OT1/cmr/m/n/10.95 Blueray/DVD, Oven,
 []


Underfull \hbox (badness 10000) in paragraph at lines 467--469
\OT1/cmr/m/n/10.95 Dish-washer, Dryer,
 []


Underfull \hbox (badness 10000) in paragraph at lines 473--475
[]\OT1/cmr/m/n/10.95 Bose iPhone Dock,
 []


Underfull \hbox (badness 3168) in paragraph at lines 473--475
\OT1/cmr/m/n/10.95 Bread Maker, Com-
 []


Underfull \hbox (badness 10000) in paragraph at lines 473--475
\OT1/cmr/m/n/10.95 puter Desk Lamp,
 []


Underfull \hbox (badness 10000) in paragraph at lines 473--475
\OT1/cmr/m/n/10.95 Dish-washer, En-try
 []


Overfull \hbox (16.0271pt too wide) in paragraph at lines 450--477
 [] 
 []

[19]
Underfull \hbox (badness 1275) in paragraph at lines 488--511
[]\OT1/cmr/m/n/10.95 BR1 Closet Lights, BR1 Lights,
 []


Underfull \hbox (badness 4846) in paragraph at lines 488--511
\OT1/cmr/m/n/10.95 Cen-tral Vac-uum, Din-ing Room
 []


Underfull \hbox (badness 10000) in paragraph at lines 488--511
\OT1/cmr/m/n/10.95 Lights, Down-stairs Bath-room
 []


Underfull \hbox (badness 2005) in paragraph at lines 488--511
\OT1/cmr/m/n/10.95 Opener, Garage Lights, Kitchen
 []


Underfull \hbox (badness 5331) in paragraph at lines 488--511
\OT1/cmr/m/n/10.95 Lights, Kitchen Un-der Cab-i-net
 []


Underfull \hbox (badness 4995) in paragraph at lines 512--514
\OT1/cmr/m/n/10.95 Cof-fee Maker, Din-ing Room Lights,
 []


Overfull \hbox (7.49118pt too wide) in paragraph at lines 484--525
 [] 
 []

[20]
Underfull \hbox (badness 10000) in paragraph at lines 536--545
\OT1/cmr/m/n/10.95 Audio-DVR-TV, Mas-ter LCD
 []


Underfull \hbox (badness 1281) in paragraph at lines 546--549
\OT1/cmr/m/n/10.95 Dis-posal, Guest Bath Lights, Kitchen
 []


Underfull \hbox (badness 1377) in paragraph at lines 546--549
\OT1/cmr/m/n/10.95 Lights, Laun-dry Room Lights, Liv-ing
 []


Underfull \hbox (badness 6125) in paragraph at lines 546--549
\OT1/cmr/m/n/10.95 Garage Door Opener, Bonus Room
 []


Underfull \hbox (badness 4995) in paragraph at lines 551--555
\OT1/cmr/m/n/10.95 mer' 'Vac-cum' 'Hairdryer' 'Den
 []


Underfull \hbox (badness 10000) in paragraph at lines 551--555
\OT1/cmr/m/n/10.95 Base-board Heater' 'Forced-air
 []


Underfull \hbox (badness 10000) in paragraph at lines 556--579
[]\OT1/cmr/m/n/10.95 'Microwave' 'Toaster Oven' 'Bread
 []


Underfull \hbox (badness 2057) in paragraph at lines 556--579
\OT1/cmr/m/n/10.95 washer' 'Bed-room Lamp 1' 'Bed-room
 []


Underfull \hbox (badness 2393) in paragraph at lines 556--579
\OT1/cmr/m/n/10.95 tric Fur-nace' 'Elec-tric Fur-nace' 'Bose
 []


Underfull \hbox (badness 5726) in paragraph at lines 556--579
\OT1/cmr/m/n/10.95 iPhone Dock' 'PC' 'Com-puter Desk
 []


Underfull \hbox (badness 1688) in paragraph at lines 556--579
\OT1/cmr/m/n/10.95 Lamp' 'Liv-in-gRoom over-head halo-gen'
 []


Underfull \hbox (badness 4726) in paragraph at lines 556--579
\OT1/cmr/m/n/10.95 'Deck Light' 'Toi-let Halo-gen' 'Toi-let
 []


Overfull \hbox (7.49118pt too wide) in paragraph at lines 532--581
 [] 
 []

[21] [22]
No file EnergyDisAg_KM_MK_ML14.bbl.
(./EnergyDisAg_KM_MK_ML14.aux)

LaTeX Warning: There were undefined references.


LaTeX Warning: There were multiply-defined labels.

 ) 
Here is how much of TeX's memory you used:
 3623 strings out of 493109
 50164 string characters out of 6135003
 122692 words of memory out of 5000000
 6983 multiletter control sequences out of 15000+600000
 13042 words of font info for 51 fonts, out of 8000000 for 9000
 1141 hyphenation exceptions out of 8191
 42i,10n,26p,1107b,290s stack positions out of 5000i,500n,10000p,200000b,80000s
</usr/local/texlive/2014/texmf-dist/fonts/type1/public/amsfonts/cm/cmbx10.pfb
></usr/local/texlive/2014/texmf-dist/fonts/type1/public/amsfonts/cm/cmbx12.pfb>
</usr/local/texlive/2014/texmf-dist/fonts/type1/public/amsfonts/cm/cmex10.pfb><
/usr/local/texlive/2014/texmf-dist/fonts/type1/public/amsfonts/cm/cmmi10.pfb></
usr/local/texlive/2014/texmf-dist/fonts/type1/public/amsfonts/cm/cmmi8.pfb></us
r/local/texlive/2014/texmf-dist/fonts/type1/public/amsfonts/cm/cmr10.pfb></usr/
local/texlive/2014/texmf-dist/fonts/type1/public/amsfonts/cm/cmr12.pfb></usr/lo
cal/texlive/2014/texmf-dist/fonts/type1/public/amsfonts/cm/cmr17.pfb></usr/loca
l/texlive/2014/texmf-dist/fonts/type1/public/amsfonts/cm/cmr8.pfb></usr/local/t
exlive/2014/texmf-dist/fonts/type1/public/amsfonts/cm/cmr9.pfb></usr/local/texl
ive/2014/texmf-dist/fonts/type1/public/amsfonts/cm/cmsy10.pfb></usr/local/texli
ve/2014/texmf-dist/fonts/type1/public/amsfonts/cm/cmsy8.pfb></usr/local/texlive
/2014/texmf-dist/fonts/type1/public/amsfonts/cm/cmti10.pfb>
Output written on EnergyDisAg_KM_MK_ML14.pdf (22 pages, 1556473 bytes).
PDF statistics:
 231 PDF objects out of 1000 (max. 8388607)
 149 compressed objects within 2 object streams
 0 named destinations out of 1000 (max. 500000)
 76 words of extra memory for PDF output out of 10000 (max. 10000000)

