This is pdfTeX, Version 3.1415926-2.5-1.40.14 (MiKTeX 2.9 64-bit) (preloaded format=pdflatex 2014.7.21)  21 NOV 2014 13:41
entering extended mode
**PES2015.tex

(C:\Users\Kyungwoo.ECE-Santoso2\Documents\GitHub\ED\Paper\Drafts\latexKW\PES201
5.tex
LaTeX2e <2011/06/27>
Babel <v3.8m> and hyphenation patterns for english, afrikaans, ancientgreek, ar
abic, armenian, assamese, basque, bengali, bokmal, bulgarian, catalan, coptic, 
croatian, czech, danish, dutch, esperanto, estonian, farsi, finnish, french, ga
lician, german, german-x-2013-05-26, greek, gujarati, hindi, hungarian, iceland
ic, indonesian, interlingua, irish, italian, kannada, kurmanji, latin, latvian,
 lithuanian, malayalam, marathi, mongolian, mongolianlmc, monogreek, ngerman, n
german-x-2013-05-26, nynorsk, oriya, panjabi, pinyin, polish, portuguese, roman
ian, russian, sanskrit, serbian, slovak, slovenian, spanish, swedish, swissgerm
an, tamil, telugu, turkish, turkmen, ukenglish, ukrainian, uppersorbian, usengl
ishmax, welsh, loaded.

(C:\Users\Kyungwoo.ECE-Santoso2\AppData\Roaming\MiKTeX\2.9\tex\latex\ieeetran\I
EEEtran.cls
Document Class: IEEEtran 2012/12/27 V1.8 by Michael Shell
-- See the "IEEEtran_HOWTO" manual for usage information.
-- http://www.michaelshell.org/tex/ieeetran/
\@IEEEtrantmpdimenA=\dimen102
\@IEEEtrantmpdimenB=\dimen103
\@IEEEtrantmpcountA=\count79
\@IEEEtrantmpcountB=\count80
\@IEEEtrantmptoksA=\toks14
LaTeX Font Info:    Try loading font information for OT1+ptm on input line 368.

("C:\Program Files\MiKTeX 2.9\tex\latex\psnfss\ot1ptm.fd"
File: ot1ptm.fd 2001/06/04 font definitions for OT1/ptm.
)
-- Using 8.5in x 11in (letter) paper.
-- Using PDF output.
\@IEEEnormalsizeunitybaselineskip=\dimen104
-- This is a 10 point document.
\CLASSINFOnormalsizebaselineskip=\dimen105
\CLASSINFOnormalsizeunitybaselineskip=\dimen106
\IEEEnormaljot=\dimen107
LaTeX Font Info:    Font shape `OT1/ptm/bx/n' in size <5> not available
(Font)              Font shape `OT1/ptm/b/n' tried instead on input line 726.
LaTeX Font Info:    Font shape `OT1/ptm/bx/it' in size <5> not available
(Font)              Font shape `OT1/ptm/b/it' tried instead on input line 726.
LaTeX Font Info:    Font shape `OT1/ptm/bx/n' in size <7> not available
(Font)              Font shape `OT1/ptm/b/n' tried instead on input line 726.
LaTeX Font Info:    Font shape `OT1/ptm/bx/it' in size <7> not available
(Font)              Font shape `OT1/ptm/b/it' tried instead on input line 726.
LaTeX Font Info:    Font shape `OT1/ptm/bx/n' in size <8> not available
(Font)              Font shape `OT1/ptm/b/n' tried instead on input line 726.
LaTeX Font Info:    Font shape `OT1/ptm/bx/it' in size <8> not available
(Font)              Font shape `OT1/ptm/b/it' tried instead on input line 726.
LaTeX Font Info:    Font shape `OT1/ptm/bx/n' in size <9> not available
(Font)              Font shape `OT1/ptm/b/n' tried instead on input line 726.
LaTeX Font Info:    Font shape `OT1/ptm/bx/it' in size <9> not available
(Font)              Font shape `OT1/ptm/b/it' tried instead on input line 726.
LaTeX Font Info:    Font shape `OT1/ptm/bx/n' in size <10> not available
(Font)              Font shape `OT1/ptm/b/n' tried instead on input line 726.
LaTeX Font Info:    Font shape `OT1/ptm/bx/it' in size <10> not available
(Font)              Font shape `OT1/ptm/b/it' tried instead on input line 726.
LaTeX Font Info:    Font shape `OT1/ptm/bx/n' in size <11> not available
(Font)              Font shape `OT1/ptm/b/n' tried instead on input line 726.
LaTeX Font Info:    Font shape `OT1/ptm/bx/it' in size <11> not available
(Font)              Font shape `OT1/ptm/b/it' tried instead on input line 726.
LaTeX Font Info:    Font shape `OT1/ptm/bx/n' in size <12> not available
(Font)              Font shape `OT1/ptm/b/n' tried instead on input line 726.
LaTeX Font Info:    Font shape `OT1/ptm/bx/it' in size <12> not available
(Font)              Font shape `OT1/ptm/b/it' tried instead on input line 726.
LaTeX Font Info:    Font shape `OT1/ptm/bx/n' in size <17> not available
(Font)              Font shape `OT1/ptm/b/n' tried instead on input line 726.
LaTeX Font Info:    Font shape `OT1/ptm/bx/it' in size <17> not available
(Font)              Font shape `OT1/ptm/b/it' tried instead on input line 726.
LaTeX Font Info:    Font shape `OT1/ptm/bx/n' in size <20> not available
(Font)              Font shape `OT1/ptm/b/n' tried instead on input line 726.
LaTeX Font Info:    Font shape `OT1/ptm/bx/it' in size <20> not available
(Font)              Font shape `OT1/ptm/b/it' tried instead on input line 726.
LaTeX Font Info:    Font shape `OT1/ptm/bx/n' in size <24> not available
(Font)              Font shape `OT1/ptm/b/n' tried instead on input line 726.
LaTeX Font Info:    Font shape `OT1/ptm/bx/it' in size <24> not available
(Font)              Font shape `OT1/ptm/b/it' tried instead on input line 726.
\IEEEilabelindentA=\dimen108
\IEEEilabelindentB=\dimen109
\IEEEilabelindent=\dimen110
\IEEEelabelindent=\dimen111
\IEEEdlabelindent=\dimen112
\IEEElabelindent=\dimen113
\IEEEiednormlabelsep=\dimen114
\IEEEiedmathlabelsep=\dimen115
\IEEEiedtopsep=\skip41
\c@section=\count81
\c@subsection=\count82
\c@subsubsection=\count83
\c@paragraph=\count84
\c@IEEEsubequation=\count85
\abovecaptionskip=\skip42
\belowcaptionskip=\skip43
\c@figure=\count86
\c@table=\count87
\@IEEEeqnnumcols=\count88
\@IEEEeqncolcnt=\count89
\@IEEEsubeqnnumrollback=\count90
\@IEEEtmpitemindent=\dimen116
\c@IEEEbiography=\count91
\@IEEEtranrubishbin=\box26
) ("C:\Program Files\MiKTeX 2.9\tex\latex\graphics\graphicx.sty"
Package: graphicx 1999/02/16 v1.0f Enhanced LaTeX Graphics (DPC,SPQR)

("C:\Program Files\MiKTeX 2.9\tex\latex\graphics\keyval.sty"
Package: keyval 1999/03/16 v1.13 key=value parser (DPC)
\KV@toks@=\toks15
)
("C:\Program Files\MiKTeX 2.9\tex\latex\graphics\graphics.sty"
Package: graphics 2009/02/05 v1.0o Standard LaTeX Graphics (DPC,SPQR)

("C:\Program Files\MiKTeX 2.9\tex\latex\graphics\trig.sty"
Package: trig 1999/03/16 v1.09 sin cos tan (DPC)
)
("C:\Program Files\MiKTeX 2.9\tex\latex\00miktex\graphics.cfg"
File: graphics.cfg 2007/01/18 v1.5 graphics configuration of teTeX/TeXLive
)
Package graphics Info: Driver file: pdftex.def on input line 91.

("C:\Program Files\MiKTeX 2.9\tex\latex\pdftex-def\pdftex.def"
File: pdftex.def 2011/05/27 v0.06d Graphics/color for pdfTeX

("C:\Program Files\MiKTeX 2.9\tex\generic\oberdiek\infwarerr.sty"
Package: infwarerr 2010/04/08 v1.3 Providing info/warning/error messages (HO)
)
("C:\Program Files\MiKTeX 2.9\tex\generic\oberdiek\ltxcmds.sty"
Package: ltxcmds 2011/11/09 v1.22 LaTeX kernel commands for general use (HO)
)
\Gread@gobject=\count92
))
\Gin@req@height=\dimen117
\Gin@req@width=\dimen118
)
("C:\Program Files\MiKTeX 2.9\tex\latex\amsmath\amsmath.sty"
Package: amsmath 2013/01/14 v2.14 AMS math features
\@mathmargin=\skip44

For additional information on amsmath, use the `?' option.
("C:\Program Files\MiKTeX 2.9\tex\latex\amsmath\amstext.sty"
Package: amstext 2000/06/29 v2.01

("C:\Program Files\MiKTeX 2.9\tex\latex\amsmath\amsgen.sty"
File: amsgen.sty 1999/11/30 v2.0
\@emptytoks=\toks16
\ex@=\dimen119
))
("C:\Program Files\MiKTeX 2.9\tex\latex\amsmath\amsbsy.sty"
Package: amsbsy 1999/11/29 v1.2d
\pmbraise@=\dimen120
)
("C:\Program Files\MiKTeX 2.9\tex\latex\amsmath\amsopn.sty"
Package: amsopn 1999/12/14 v2.01 operator names
)
\inf@bad=\count93
LaTeX Info: Redefining \frac on input line 210.
\uproot@=\count94
\leftroot@=\count95
LaTeX Info: Redefining \overline on input line 306.
\classnum@=\count96
\DOTSCASE@=\count97
LaTeX Info: Redefining \ldots on input line 378.
LaTeX Info: Redefining \dots on input line 381.
LaTeX Info: Redefining \cdots on input line 466.
\Mathstrutbox@=\box27
\strutbox@=\box28
\big@size=\dimen121
LaTeX Font Info:    Redeclaring font encoding OML on input line 566.
LaTeX Font Info:    Redeclaring font encoding OMS on input line 567.
\macc@depth=\count98
\c@MaxMatrixCols=\count99
\dotsspace@=\muskip10
\c@parentequation=\count100
\dspbrk@lvl=\count101
\tag@help=\toks17
\row@=\count102
\column@=\count103
\maxfields@=\count104
\andhelp@=\toks18
\eqnshift@=\dimen122
\alignsep@=\dimen123
\tagshift@=\dimen124
\tagwidth@=\dimen125
\totwidth@=\dimen126
\lineht@=\dimen127
\@envbody=\toks19
\multlinegap=\skip45
\multlinetaggap=\skip46
\mathdisplay@stack=\toks20
LaTeX Info: Redefining \[ on input line 2665.
LaTeX Info: Redefining \] on input line 2666.
)
(C:\Users\Kyungwoo.ECE-Santoso2\AppData\Roaming\MiKTeX\2.9\tex\latex\algorithms
\algorithmic.sty
Package: algorithmic 2009/08/24 v0.1 Document Style `algorithmic'
 ("C:\Program Files\MiKTeX 2.9\tex\latex\base\ifthen.sty"
Package: ifthen 2001/05/26 v1.1c Standard LaTeX ifthen package (DPC)
)
\c@ALC@unique=\count105
\c@ALC@line=\count106
\c@ALC@rem=\count107
\c@ALC@depth=\count108
\ALC@tlm=\skip47
\algorithmicindent=\skip48
)
("C:\Program Files\MiKTeX 2.9\tex\latex\tools\array.sty"
Package: array 2008/09/09 v2.4c Tabular extension package (FMi)
\col@sep=\dimen128
\extrarowheight=\dimen129
\NC@list=\toks21
\extratabsurround=\skip49
\backup@length=\skip50
)
(C:\Users\Kyungwoo.ECE-Santoso2\AppData\Roaming\MiKTeX\2.9\tex\latex\subfig\sub
fig.sty
Package: subfig 2005/06/28 ver: 1.3 subfig package

(C:\Users\Kyungwoo.ECE-Santoso2\AppData\Roaming\MiKTeX\2.9\tex\latex\caption\ca
ption3.sty
Package: caption3 2013/05/02 v1.6-88 caption3 kernel (AR)
Package caption3 Info: TeX engine: e-TeX on input line 57.
\captionmargin=\dimen130
\captionmargin@=\dimen131
\captionwidth=\dimen132
\caption@tempdima=\dimen133
\caption@indent=\dimen134
\caption@parindent=\dimen135
\caption@hangindent=\dimen136
Package caption Info: Unknown document class (or package),
(caption)             standard defaults will be used.
)
\c@KVtest=\count109
\sf@farskip=\skip51
\sf@captopadj=\dimen137
\sf@capskip=\skip52
\sf@nearskip=\skip53
\c@subfigure=\count110
\c@subfigure@save=\count111
\c@lofdepth=\count112
\c@subtable=\count113
\c@subtable@save=\count114
\c@lotdepth=\count115
\sf@top=\skip54
\sf@bottom=\skip55
) ("C:\Program Files\MiKTeX 2.9\tex\latex\base\fixltx2e.sty"
Package: fixltx2e 2006/09/13 v1.1m fixes to LaTeX
LaTeX Info: Redefining \em on input line 420.
LaTeX Info: The control sequence `\[' is already robust on input line 471.
LaTeX Info: The control sequence `\]' is already robust on input line 472.
)
("C:\Program Files\MiKTeX 2.9\tex\latex\oberdiek\epstopdf.sty"
Package: epstopdf 2010/02/09 v2.5 Conversion with epstopdf on the fly (HO)

("C:\Program Files\MiKTeX 2.9\tex\latex\oberdiek\epstopdf-base.sty"
Package: epstopdf-base 2010/02/09 v2.5 Base part for package epstopdf

("C:\Program Files\MiKTeX 2.9\tex\latex\oberdiek\grfext.sty"
Package: grfext 2010/08/19 v1.1 Manage graphics extensions (HO)

("C:\Program Files\MiKTeX 2.9\tex\generic\oberdiek\kvdefinekeys.sty"
Package: kvdefinekeys 2011/04/07 v1.3 Define keys (HO)
))
("C:\Program Files\MiKTeX 2.9\tex\latex\oberdiek\kvoptions.sty"
Package: kvoptions 2011/06/30 v3.11 Key value format for package options (HO)

("C:\Program Files\MiKTeX 2.9\tex\generic\oberdiek\kvsetkeys.sty"
Package: kvsetkeys 2012/04/25 v1.16 Key value parser (HO)

("C:\Program Files\MiKTeX 2.9\tex\generic\oberdiek\etexcmds.sty"
Package: etexcmds 2011/02/16 v1.5 Avoid name clashes with e-TeX commands (HO)

("C:\Program Files\MiKTeX 2.9\tex\generic\oberdiek\ifluatex.sty"
Package: ifluatex 2010/03/01 v1.3 Provides the ifluatex switch (HO)
Package ifluatex Info: LuaTeX not detected.
)
Package etexcmds Info: Could not find \expanded.
(etexcmds)             That can mean that you are not using pdfTeX 1.50 or
(etexcmds)             that some package has redefined \expanded.
(etexcmds)             In the latter case, load this package earlier.
)))
("C:\Program Files\MiKTeX 2.9\tex\generic\oberdiek\pdftexcmds.sty"
Package: pdftexcmds 2011/11/29 v0.20 Utility functions of pdfTeX for LuaTeX (HO
)

("C:\Program Files\MiKTeX 2.9\tex\generic\oberdiek\ifpdf.sty"
Package: ifpdf 2011/01/30 v2.3 Provides the ifpdf switch (HO)
Package ifpdf Info: pdfTeX in PDF mode is detected.
)
Package pdftexcmds Info: LuaTeX not detected.
Package pdftexcmds Info: \pdf@primitive is available.
Package pdftexcmds Info: \pdf@ifprimitive is available.
Package pdftexcmds Info: \pdfdraftmode found.
)
Package grfext Info: Graphics extension search list:
(grfext)             [.pdf,.jpeg,.png,.eps]
(grfext)             \AppendGraphicsExtensions on input line 452.
))
(C:\Users\Kyungwoo.ECE-Santoso2\Documents\GitHub\ED\Paper\Drafts\latexKW\PES201
5.aux

LaTeX Warning: Label `fig:event1' multiply defined.


LaTeX Warning: Label `sub@fig:event1' multiply defined.


LaTeX Warning: Label `fig:event2' multiply defined.


LaTeX Warning: Label `sub@fig:event2' multiply defined.


LaTeX Warning: Label `fig:event1' multiply defined.


LaTeX Warning: Label `sub@fig:event1' multiply defined.


LaTeX Warning: Label `fig:event2' multiply defined.


LaTeX Warning: Label `sub@fig:event2' multiply defined.

)
LaTeX Font Info:    Checking defaults for OML/cmm/m/it on input line 332.
LaTeX Font Info:    ... okay on input line 332.
LaTeX Font Info:    Checking defaults for T1/cmr/m/n on input line 332.
LaTeX Font Info:    ... okay on input line 332.
LaTeX Font Info:    Checking defaults for OT1/cmr/m/n on input line 332.
LaTeX Font Info:    ... okay on input line 332.
LaTeX Font Info:    Checking defaults for OMS/cmsy/m/n on input line 332.
LaTeX Font Info:    ... okay on input line 332.
LaTeX Font Info:    Checking defaults for OMX/cmex/m/n on input line 332.
LaTeX Font Info:    ... okay on input line 332.
LaTeX Font Info:    Checking defaults for U/cmr/m/n on input line 332.
LaTeX Font Info:    ... okay on input line 332.

(C:\Users\Kyungwoo.ECE-Santoso2\AppData\Roaming\MiKTeX\2.9\tex\context\base\sup
p-pdf.mkii
[Loading MPS to PDF converter (version 2006.09.02).]
\scratchcounter=\count116
\scratchdimen=\dimen138
\scratchbox=\box29
\nofMPsegments=\count117
\nofMParguments=\count118
\everyMPshowfont=\toks22
\MPscratchCnt=\count119
\MPscratchDim=\dimen139
\MPnumerator=\count120
\makeMPintoPDFobject=\count121
\everyMPtoPDFconversion=\toks23
)
Package caption Info: Begin \AtBeginDocument code.
Package caption Info: subfig package v1.3 is loaded.
Package caption Info: End \AtBeginDocument code.
LaTeX Font Info:    External font `cmex10' loaded for size
(Font)              <8> on input line 453.
LaTeX Font Info:    External font `cmex10' loaded for size
(Font)              <6> on input line 453.
LaTeX Font Info:    External font `cmex10' loaded for size
(Font)              <5> on input line 453.
 [1{C:/Users/Kyungwoo.ECE-Santoso2/AppData/Local/MiKTeX/2.9/pdftex/config/pdfte
x.map}


]
Package epstopdf Info: Source file: <fig/exTrain.eps>
(epstopdf)                    date: 2014-11-18 17:52:31
(epstopdf)                    size: 291754 bytes
(epstopdf)             Output file: <./fig/exTrain-eps-converted-to.pdf>
(epstopdf)                    date: 2014-11-18 17:52:31
(epstopdf)                    size: 67209 bytes
(epstopdf)             Command: <epstopdf --outfile=./fig/exTrain-eps-converted
-to.pdf fig/exTrain.eps>
(epstopdf)             \includegraphics on input line 474.
Package epstopdf Info: Output file is already uptodate.
 <./fig/exTrain-eps-converted-to.pdf, id=9, 562.1pt x 233.87375pt>
File: ./fig/exTrain-eps-converted-to.pdf Graphic file (type pdf)

<use ./fig/exTrain-eps-converted-to.pdf>
Package pdftex.def Info: ./fig/exTrain-eps-converted-to.pdf used on input line 
474.
(pdftex.def)             Requested size: 267.3948pt x 75.88315pt.
Package epstopdf Info: Source file: <fig/exTestH2_1.eps>
(epstopdf)                    date: 2014-11-18 17:52:31
(epstopdf)                    size: 305163 bytes
(epstopdf)             Output file: <./fig/exTestH2_1-eps-converted-to.pdf>
(epstopdf)                    date: 2014-11-18 17:52:31
(epstopdf)                    size: 78194 bytes
(epstopdf)             Command: <epstopdf --outfile=./fig/exTestH2_1-eps-conver
ted-to.pdf fig/exTestH2_1.eps>
(epstopdf)             \includegraphics on input line 477.
Package epstopdf Info: Output file is already uptodate.

<./fig/exTestH2_1-eps-converted-to.pdf, id=10, 511.9125pt x 184.69pt>
File: ./fig/exTestH2_1-eps-converted-to.pdf Graphic file (type pdf)

<use ./fig/exTestH2_1-eps-converted-to.pdf>
Package pdftex.def Info: ./fig/exTestH2_1-eps-converted-to.pdf used on input li
ne 477.
(pdftex.def)             Requested size: 267.39894pt x 75.884pt.

Overfull \hbox (18.89487pt too wide) in paragraph at lines 474--479
 [][] 
 []


Overfull \hbox (18.899pt too wide) in paragraph at lines 474--479
 [] 
 []

LaTeX Font Info:    External font `cmex10' loaded for size
(Font)              <7> on input line 487.
<fig/flow.png, id=11, 204.3886pt x 240.52359pt>
File: fig/flow.png Graphic file (type png)
 <use fig/flow.png>
Package pdftex.def Info: fig/flow.png used on input line 495.
(pdftex.def)             Requested size: 238.49121pt x 280.6701pt.
 [2 <C:/Users/Kyungwoo.ECE-Santoso2/Documents/GitHub/ED/Paper/Drafts/latexKW/fi
g/exTrain-eps-converted-to.pdf> <C:/Users/Kyungwoo.ECE-Santoso2/Documents/GitHu
b/ED/Paper/Drafts/latexKW/fig/exTestH2_1-eps-converted-to.pdf> <C:/Users/Kyungw
oo.ECE-Santoso2/Documents/GitHub/ED/Paper/Drafts/latexKW/fig/flow.png>]
Underfull \hbox (badness 3128) in paragraph at lines 531--533
[]\OT1/ptm/m/n/10 Rectangular loads: These type of loads con-sume
 []


Underfull \hbox (badness 1448) in paragraph at lines 531--533
\OT1/ptm/m/n/10 con-stant power when op-er-at-ing and their tran-sient
 []


Underfull \hbox (badness 10000) in paragraph at lines 531--533

 []


Underfull \hbox (badness 3068) in paragraph at lines 533--535
[]\OT1/ptm/m/n/10 Non-rectangular loads: These type of loads have
 []


Underfull \hbox (badness 4805) in paragraph at lines 533--535
\OT1/ptm/m/n/10 a longer tran-sient pe-riod when turn-ing on and
 []


Underfull \hbox (badness 3291) in paragraph at lines 533--535
\OT1/ptm/m/n/10 sig-na-tures can be unique, al-low-ing dis-crim-i-na-tion
 []


Underfull \hbox (badness 10000) in paragraph at lines 533--535

 []

Package epstopdf Info: Source file: <fig/maw.eps>
(epstopdf)                    date: 2014-11-17 00:14:00
(epstopdf)                    size: 20256 bytes
(epstopdf)             Output file: <./fig/maw-eps-converted-to.pdf>
(epstopdf)                    date: 2014-11-17 00:14:38
(epstopdf)                    size: 6015 bytes
(epstopdf)             Command: <epstopdf --outfile=./fig/maw-eps-converted-to.
pdf fig/maw.eps>
(epstopdf)             \includegraphics on input line 549.
Package epstopdf Info: Output file is already uptodate.
<./fig/maw-eps-converted-to.pdf, id=42, 421.575pt x 316.18124pt>
File: ./fig/maw-eps-converted-to.pdf Graphic file (type pdf)

<use ./fig/maw-eps-converted-to.pdf>
Package pdftex.def Info: ./fig/maw-eps-converted-to.pdf used on input line 549.

(pdftex.def)             Requested size: 252.94499pt x 189.7102pt.

Overfull \hbox (0.94499pt too wide) in paragraph at lines 549--550
 [][] 
 []

Package epstopdf Info: Source file: <fig/masterlights.eps>
(epstopdf)                    date: 2014-11-14 13:32:26
(epstopdf)                    size: 45315 bytes
(epstopdf)             Output file: <./fig/masterlights-eps-converted-to.pdf>
(epstopdf)                    date: 2014-11-14 13:32:44
(epstopdf)                    size: 15041 bytes
(epstopdf)             Command: <epstopdf --outfile=./fig/masterlights-eps-conv
erted-to.pdf fig/masterlights.eps>
(epstopdf)             \includegraphics on input line 558.
Package epstopdf Info: Output file is already uptodate.
<./fig/masterlights-eps-converted-to.pdf, id=43, 420.57124pt x 316.18124pt>
File: ./fig/masterlights-eps-converted-to.pdf Graphic file (type pdf)

<use ./fig/masterlights-eps-converted-to.pdf>
Package pdftex.def Info: ./fig/masterlights-eps-converted-to.pdf used on input 
line 558.
(pdftex.def)             Requested size: 252.94499pt x 190.16371pt.

Overfull \hbox (0.94499pt too wide) in paragraph at lines 558--559
 [][] 
 []

[3 <C:/Users/Kyungwoo.ECE-Santoso2/Documents/GitHub/ED/Paper/Drafts/latexKW/fig
/maw-eps-converted-to.pdf>]
Package epstopdf Info: Source file: <fig/windowlength.eps>
(epstopdf)                    date: 2014-11-16 22:03:57
(epstopdf)                    size: 30507 bytes
(epstopdf)             Output file: <./fig/windowlength-eps-converted-to.pdf>
(epstopdf)                    date: 2014-11-16 22:04:08
(epstopdf)                    size: 15125 bytes
(epstopdf)             Command: <epstopdf --outfile=./fig/windowlength-eps-conv
erted-to.pdf fig/windowlength.eps>
(epstopdf)             \includegraphics on input line 569.
Package epstopdf Info: Output file is already uptodate.

<./fig/windowlength-eps-converted-to.pdf, id=55, 420.57124pt x 316.18124pt>
File: ./fig/windowlength-eps-converted-to.pdf Graphic file (type pdf)

<use ./fig/windowlength-eps-converted-to.pdf>
Package pdftex.def Info: ./fig/windowlength-eps-converted-to.pdf used on input 
line 569.
(pdftex.def)             Requested size: 252.94499pt x 190.16371pt.

Overfull \hbox (0.94499pt too wide) in paragraph at lines 569--570
 [][] 
 []

Package epstopdf Info: Source file: <fig/dryerH2.eps>
(epstopdf)                    date: 2014-11-19 16:56:13
(epstopdf)                    size: 76995 bytes
(epstopdf)             Output file: <./fig/dryerH2-eps-converted-to.pdf>
(epstopdf)                    date: 2014-11-19 16:56:20
(epstopdf)                    size: 44126 bytes
(epstopdf)             Command: <epstopdf --outfile=./fig/dryerH2-eps-converted
-to.pdf fig/dryerH2.eps>
(epstopdf)             \includegraphics on input line 582.
Package epstopdf Info: Output file is already uptodate.
<./fig/dryerH2-eps-converted-to.pdf, id=56, 420.57124pt x 316.18124pt>
File: ./fig/dryerH2-eps-converted-to.pdf Graphic file (type pdf)

<use ./fig/dryerH2-eps-converted-to.pdf>
Package pdftex.def Info: ./fig/dryerH2-eps-converted-to.pdf used on input line 
582.
(pdftex.def)             Requested size: 252.94792pt x 108.40237pt.

Overfull \hbox (0.94792pt too wide) in paragraph at lines 582--583
 [][] 
 []

Package epstopdf Info: Source file: <fig/outlier.eps>
(epstopdf)                    date: 2014-11-16 21:46:06
(epstopdf)                    size: 56284 bytes
(epstopdf)             Output file: <./fig/outlier-eps-converted-to.pdf>
(epstopdf)                    date: 2014-11-16 21:46:07
(epstopdf)                    size: 29426 bytes
(epstopdf)             Command: <epstopdf --outfile=./fig/outlier-eps-converted
-to.pdf fig/outlier.eps>
(epstopdf)             \includegraphics on input line 589.
Package epstopdf Info: Output file is already uptodate.
<./fig/outlier-eps-converted-to.pdf, id=57, 421.575pt x 316.18124pt>
File: ./fig/outlier-eps-converted-to.pdf Graphic file (type pdf)

<use ./fig/outlier-eps-converted-to.pdf>
Package pdftex.def Info: ./fig/outlier-eps-converted-to.pdf used on input line 
589.
(pdftex.def)             Requested size: 252.94499pt x 189.7102pt.

Overfull \hbox (0.94499pt too wide) in paragraph at lines 589--590
 [][] 
 []

[4 <C:/Users/Kyungwoo.ECE-Santoso2/Documents/GitHub/ED/Paper/Drafts/latexKW/fig
/masterlights-eps-converted-to.pdf> <C:/Users/Kyungwoo.ECE-Santoso2/Documents/G
itHub/ED/Paper/Drafts/latexKW/fig/windowlength-eps-converted-to.pdf> <C:/Users/
Kyungwoo.ECE-Santoso2/Documents/GitHub/ED/Paper/Drafts/latexKW/fig/dryerH2-eps-
converted-to.pdf> <C:/Users/Kyungwoo.ECE-Santoso2/Documents/GitHub/ED/Paper/Dra
fts/latexKW/fig/outlier-eps-converted-to.pdf>]
Package epstopdf Info: Source file: <fig/cv_bread.eps>
(epstopdf)                    date: 2014-11-20 19:15:08
(epstopdf)                    size: 5072986 bytes
(epstopdf)             Output file: <./fig/cv_bread-eps-converted-to.pdf>
(epstopdf)                    date: 2014-11-21 13:09:54
(epstopdf)                    size: 198451 bytes
(epstopdf)             Command: <epstopdf --outfile=./fig/cv_bread-eps-converte
d-to.pdf fig/cv_bread.eps>
(epstopdf)             \includegraphics on input line 704.
Package epstopdf Info: Output file is already uptodate.

<./fig/cv_bread-eps-converted-to.pdf, id=76, 797.98125pt x 477.785pt>
File: ./fig/cv_bread-eps-converted-to.pdf Graphic file (type pdf)

<use ./fig/cv_bread-eps-converted-to.pdf>
Package pdftex.def Info: ./fig/cv_bread-eps-converted-to.pdf used on input line
 704.
(pdftex.def)             Requested size: 252.94832pt x 180.67075pt.

Overfull \hbox (0.94832pt too wide) in paragraph at lines 704--705
 [][] 
 []


Underfull \hbox (badness 3108) in paragraph at lines 711--713
[]\OT1/ptm/m/n/10 We then ap-ply our al-go-rithm on the pro-vided test
 []


Underfull \hbox (badness 1648) in paragraph at lines 711--713
\OT1/ptm/m/n/10 tec-tions are made from the sig-na-ture win-dows we ex-
 []


(C:\Users\Kyungwoo.ECE-Santoso2\Documents\GitHub\ED\Paper\Drafts\latexKW\PES201
5.bbl)

** Conference Paper **
Before submitting the final camera ready copy, remember to:

 1. Manually equalize the lengths of two columns on the last page
 of your paper;

 2. Ensure that any PostScript and/or PDF output post-processing
 uses only Type 1 fonts and that every step in the generation
 process uses the appropriate paper size.

[5 <C:/Users/Kyungwoo.ECE-Santoso2/Documents/GitHub/ED/Paper/Drafts/latexKW/fig
/cv_bread-eps-converted-to.pdf>]
(C:\Users\Kyungwoo.ECE-Santoso2\Documents\GitHub\ED\Paper\Drafts\latexKW\PES201
5.aux)

LaTeX Warning: There were multiply-defined labels.

 ) 
Here is how much of TeX's memory you used:
 3842 strings out of 493921
 60583 string characters out of 3147234
 124595 words of memory out of 3000000
 7079 multiletter control sequences out of 15000+200000
 39904 words of font info for 73 fonts, out of 3000000 for 9000
 844 hyphenation exceptions out of 8191
 42i,10n,47p,1206b,359s stack positions out of 5000i,500n,10000p,200000b,50000s
{C:/Program Files/MiKTeX 2.9/fonts/enc/dvips/fontname/8r.enc}<C:/Program File
s/MiKTeX 2.9/fonts/type1/public/amsfonts/cm/cmex10.pfb><C:/Program Files/MiKTeX
 2.9/fonts/type1/public/amsfonts/cm/cmmi10.pfb><C:/Program Files/MiKTeX 2.9/fon
ts/type1/public/amsfonts/cm/cmmi7.pfb><C:/Program Files/MiKTeX 2.9/fonts/type1/
public/amsfonts/cm/cmr10.pfb><C:/Program Files/MiKTeX 2.9/fonts/type1/public/am
sfonts/cm/cmr7.pfb><C:/Program Files/MiKTeX 2.9/fonts/type1/public/amsfonts/cm/
cmsy10.pfb><C:/Program Files/MiKTeX 2.9/fonts/type1/public/amsfonts/cm/cmsy7.pf
b><C:/Program Files/MiKTeX 2.9/fonts/type1/urw/times/utmb8a.pfb><C:/Program Fil
es/MiKTeX 2.9/fonts/type1/urw/times/utmbi8a.pfb><C:/Program Files/MiKTeX 2.9/fo
nts/type1/urw/times/utmr8a.pfb><C:/Program Files/MiKTeX 2.9/fonts/type1/urw/tim
es/utmri8a.pfb>
Output written on PES2015.pdf (5 pages, 609876 bytes).
PDF statistics:
 118 PDF objects out of 1000 (max. 8388607)
 0 named destinations out of 1000 (max. 500000)
 46 words of extra memory for PDF output out of 10000 (max. 10000000)

